<?xml version="1.0" encoding="UTF-8"?>
<testsuite name="GroceryItemTest" tests="3" skipped="0" failures="0" errors="0" timestamp="2022-12-11T03:28:59" hostname="MUKAGALA" time="0.039">
  <properties/>
  <testcase name="grapesShouldHaveAPriceOf4AfterA20PercentSale()" classname="GroceryItemTest" time="0.031"/>
  <testcase name="shouldHaveAnItemNameOfGrapesDeptOfProducePriceOf5AndNotOnSale()" classname="GroceryItemTest" time="0.001"/>
  <testcase name="grapesShouldHaveAPriceOf3AfterA25PercentSale()" classname="GroceryItemTest" time="0.002"/>
  <system-out><![CDATA[]]></system-out>
  <system-err><![CDATA[]]></system-err>
</testsuite>
